Using pre-set license
Built from '2020.3/staging' branch; Version is '2020.3.5f1 (8095aa901b9b) revision 8426922'; Using compiler version '192528614'; Build Type 'Release'
OS: 'Windows 10 Pro; OS build 19042.1466; Version 2009; 64bit' Language: 'en' Physical Memory: 8151 MB
BatchMode: 1, IsHumanControllingUs: 0, StartBugReporterOnCrash: 0, Is64bit: 1, IsPro: 0

 COMMAND LINE ARGUMENTS:
C:\Program Files\Unity\Editor\2020.3.5f1\Editor\Unity.exe
-adb2
-batchMode
-noUpm
-name
AssetImportWorker0
-projectPath
I:/UNITY/2022/TowerDefence
-logFile
Logs/AssetImportWorker0.log
-srvPort
52121
Successfully changed project path to: I:/UNITY/2022/TowerDefence
I:/UNITY/2022/TowerDefence
Using Asset Import Pipeline V2.
Refreshing native plugins compatible for Editor in 70.38 ms, found 1 plugins.
Preloading 0 native plugins for Editor in 0.00 ms.
Initialize engine version: 2020.3.5f1 (8095aa901b9b)
[Subsystems] Discovering subsystems at path C:/Program Files/Unity/Editor/2020.3.5f1/Editor/Data/Resources/UnitySubsystems
[Subsystems] Discovering subsystems at path I:/UNITY/2022/TowerDefence/Assets
GfxDevice: creating device client; threaded=0
Direct3D:
    Version:  Direct3D 11.0 [level 11.1]
    Renderer: Radeon RX 570 Series (ID=0x67df)
    Vendor:   
    VRAM:     4075 MB
    Driver:   30.0.13023.1012
Initialize mono
Mono path[0] = 'C:/Program Files/Unity/Editor/2020.3.5f1/Editor/Data/Managed'
Mono path[1] = 'C:/Program Files/Unity/Editor/2020.3.5f1/Editor/Data/MonoBleedingEdge/lib/mono/unityjit'
Mono config path = 'C:/Program Files/Unity/Editor/2020.3.5f1/Editor/Data/MonoBleedingEdge/etc'
Using monoOptions --debugger-agent=transport=dt_socket,embedding=1,server=y,suspend=n,address=127.0.0.1:56360
Begin MonoManager ReloadAssembly
Registering precompiled unity dll's ...
Register platform support module: C:/Program Files/Unity/Editor/2020.3.5f1/Editor/Data/PlaybackEngines/WebGLSupport/UnityEditor.WebGL.Extensions.dll
Register platform support module: C:/Program Files/Unity/Editor/2020.3.5f1/Editor/Data/PlaybackEngines/MacStandaloneSupport/UnityEditor.OSXStandalone.Extensions.dll
Register platform support module: C:/Program Files/Unity/Editor/2020.3.5f1/Editor/Data/PlaybackEngines/WindowsStandaloneSupport/UnityEditor.WindowsStandalone.Extensions.dll
Registered in 0.003859 seconds.
Native extension for WindowsStandalone target not found
Native extension for OSXStandalone target not found
Native extension for WebGL target not found
Refreshing native plugins compatible for Editor in 40.87 ms, found 1 plugins.
Preloading 0 native plugins for Editor in 0.00 ms.
Mono: successfully reloaded assembly
- Completed reload, in  2.696 seconds
Platform modules already initialized, skipping
Registering precompiled user dll's ...
Registered in 0.000995 seconds.
Begin MonoManager ReloadAssembly
Native extension for WindowsStandalone target not found
Native extension for OSXStandalone target not found
Native extension for WebGL target not found
Refreshing native plugins compatible for Editor in 53.35 ms, found 1 plugins.
Preloading 0 native plugins for Editor in 0.00 ms.
Mono: successfully reloaded assembly
- Completed reload, in  1.642 seconds
Platform modules already initialized, skipping
========================================================================
Worker process is ready to serve import requests
Launched and connected shader compiler UnityShaderCompiler.exe after 0.06 seconds
Refreshing native plugins compatible for Editor in 0.36 ms, found 1 plugins.
Preloading 0 native plugins for Editor in 0.00 ms.
Unloading 1808 Unused Serialized files (Serialized files now loaded: 0)
System memory in use before: 84.9 MB.
System memory in use after: 84.9 MB.

Unloading 24 unused Assets to reduce memory usage. Loaded Objects now: 2251.
Total: 2.704800 ms (FindLiveObjects: 0.201700 ms CreateObjectMapping: 0.109600 ms MarkObjects: 2.140900 ms  DeleteObjects: 0.250900 ms)

========================================================================
Received Import Request.
  path: Assets
  artifactKey: Guid(00000000000000001000000000000000) Importer(815301076,1909f56bfc062723c751e8b465ee728b)
Start importing Assets using Guid(00000000000000001000000000000000) Importer(815301076,1909f56bfc062723c751e8b465ee728b)  -> (artifact id: 'e4856052512617ee48189cf1d7999900') in 0.014292 seconds
  Import took 0.037447 seconds .

========================================================================
Received Prepare
Registering precompiled user dll's ...
Registered in 0.001135 seconds.
Begin MonoManager ReloadAssembly
Native extension for WindowsStandalone target not found
Native extension for OSXStandalone target not found
Native extension for WebGL target not found
Refreshing native plugins compatible for Editor in 0.36 ms, found 1 plugins.
Preloading 0 native plugins for Editor in 0.00 ms.
Mono: successfully reloaded assembly
- Completed reload, in  1.071 seconds
Platform modules already initialized, skipping
Refreshing native plugins compatible for Editor in 0.58 ms, found 1 plugins.
Preloading 0 native plugins for Editor in 0.00 ms.
Unloading 1827 Unused Serialized files (Serialized files now loaded: 0)
System memory in use before: 85.6 MB.
System memory in use after: 85.6 MB.

Unloading 13 unused Assets to reduce memory usage. Loaded Objects now: 2282.
Total: 3.838700 ms (FindLiveObjects: 0.318600 ms CreateObjectMapping: 0.126900 ms MarkObjects: 3.224300 ms  DeleteObjects: 0.166400 ms)

========================================================================
Received Import Request.
  Time since last request: 200.574065 seconds.
  path: Assets/ConsolePro
  artifactKey: Guid(28dc441f4fb771349b59e5016c06e2d3) Importer(815301076,1909f56bfc062723c751e8b465ee728b)
Start importing Assets/ConsolePro using Guid(28dc441f4fb771349b59e5016c06e2d3) Importer(815301076,1909f56bfc062723c751e8b465ee728b)  -> (artifact id: '433f5cf0368cc69b4b40b334814b2c1b') in 0.011845 seconds
  Import took 0.040486 seconds .

========================================================================
Received Import Request.
  Time since last request: 3.480040 seconds.
  path: Assets/ConsolePro/Editor Console Pro Documentation.pdf
  artifactKey: Guid(5de782a9528f04b41a8ba70afba32a61) Importer(815301076,1909f56bfc062723c751e8b465ee728b)
Start importing Assets/ConsolePro/Editor Console Pro Documentation.pdf using Guid(5de782a9528f04b41a8ba70afba32a61) Importer(815301076,1909f56bfc062723c751e8b465ee728b)  -> (artifact id: '46f1663b1a4d2949e27d1958042c3811') in 0.040496 seconds
  Import took 0.054980 seconds .

========================================================================
Received Import Request.
  Time since last request: 2.116793 seconds.
  path: Assets/ConsolePro/Remote
  artifactKey: Guid(0a8d4e08480874124a70e774ddce39e6) Importer(815301076,1909f56bfc062723c751e8b465ee728b)
Start importing Assets/ConsolePro/Remote using Guid(0a8d4e08480874124a70e774ddce39e6) Importer(815301076,1909f56bfc062723c751e8b465ee728b)  -> (artifact id: '82471b8799f725064e5adaf70dd3df45') in 0.010282 seconds
  Import took 0.020338 seconds .

========================================================================
Received Import Request.
  Time since last request: 1.639996 seconds.
  path: Assets/ConsolePro/Editor
  artifactKey: Guid(02a6df6277fde43919070571a5077284) Importer(815301076,1909f56bfc062723c751e8b465ee728b)
Start importing Assets/ConsolePro/Editor using Guid(02a6df6277fde43919070571a5077284) Importer(815301076,1909f56bfc062723c751e8b465ee728b)  -> (artifact id: 'd58ff896cb3507027284af0ec2fba6c5') in 0.019329 seconds
  Import took 0.027304 seconds .

========================================================================
Received Import Request.
  Time since last request: 0.000695 seconds.
  path: Assets/ConsolePro/Editor
  artifactKey: Guid(02a6df6277fde43919070571a5077284) Importer(815301076,1909f56bfc062723c751e8b465ee728b)
Start importing Assets/ConsolePro/Editor using Guid(02a6df6277fde43919070571a5077284) Importer(815301076,1909f56bfc062723c751e8b465ee728b)  -> (artifact id: 'd58ff896cb3507027284af0ec2fba6c5') in 0.005028 seconds
  Import took 0.021511 seconds .

========================================================================
Received Import Request.
  Time since last request: 1.261551 seconds.
  path: Assets/ConsolePro/Editor/ConsolePro.Editor.dll
  artifactKey: Guid(a2284c517ee274c19a6ba4c1a8c96fb6) Importer(815301076,1909f56bfc062723c751e8b465ee728b)
Start importing Assets/ConsolePro/Editor/ConsolePro.Editor.dll using Guid(a2284c517ee274c19a6ba4c1a8c96fb6) Importer(815301076,1909f56bfc062723c751e8b465ee728b)  -> (artifact id: '4b363a8f223823296ec88376b3380ef8') in 0.014141 seconds
  Import took 0.023229 seconds .

========================================================================
Received Import Request.
  Time since last request: 0.168829 seconds.
  path: Assets/ConsolePro/Editor/ConsolePro.Editor.dll
  artifactKey: Guid(a2284c517ee274c19a6ba4c1a8c96fb6) Importer(815301076,1909f56bfc062723c751e8b465ee728b)
Start importing Assets/ConsolePro/Editor/ConsolePro.Editor.dll using Guid(a2284c517ee274c19a6ba4c1a8c96fb6) Importer(815301076,1909f56bfc062723c751e8b465ee728b)  -> (artifact id: '4b363a8f223823296ec88376b3380ef8') in 0.002294 seconds
  Import took 0.006668 seconds .

========================================================================
Received Import Request.
  Time since last request: 27.126253 seconds.
  path: Assets/AssetStore
  artifactKey: Guid(1c468244d7d26d3439cfb9faba7fecf1) Importer(815301076,1909f56bfc062723c751e8b465ee728b)
Start importing Assets/AssetStore using Guid(1c468244d7d26d3439cfb9faba7fecf1) Importer(815301076,1909f56bfc062723c751e8b465ee728b)  -> (artifact id: '38dc8d420d62b01dc642eb8169724e50') in 0.008615 seconds
  Import took 0.021057 seconds .

========================================================================
Received Import Request.
  Time since last request: 0.000854 seconds.
  path: Assets/AssetStore
  artifactKey: Guid(1c468244d7d26d3439cfb9faba7fecf1) Importer(815301076,1909f56bfc062723c751e8b465ee728b)
Start importing Assets/AssetStore using Guid(1c468244d7d26d3439cfb9faba7fecf1) Importer(815301076,1909f56bfc062723c751e8b465ee728b)  -> (artifact id: '38dc8d420d62b01dc642eb8169724e50') in 0.002046 seconds
  Import took 0.007664 seconds .

========================================================================
Received Prepare
Registering precompiled user dll's ...
Registered in 0.001379 seconds.
Begin MonoManager ReloadAssembly
Native extension for WindowsStandalone target not found
Native extension for OSXStandalone target not found
Native extension for WebGL target not found
Refreshing native plugins compatible for Editor in 0.36 ms, found 1 plugins.
Preloading 0 native plugins for Editor in 0.00 ms.
Mono: successfully reloaded assembly
- Completed reload, in  0.976 seconds
Platform modules already initialized, skipping
Refreshing native plugins compatible for Editor in 0.35 ms, found 1 plugins.
Preloading 0 native plugins for Editor in 0.00 ms.
Unloading 1827 Unused Serialized files (Serialized files now loaded: 0)
System memory in use before: 85.6 MB.
System memory in use after: 85.6 MB.

Unloading 13 unused Assets to reduce memory usage. Loaded Objects now: 2286.
Total: 2.150800 ms (FindLiveObjects: 0.251800 ms CreateObjectMapping: 0.092100 ms MarkObjects: 1.701600 ms  DeleteObjects: 0.103800 ms)

========================================================================
Received Import Request.
  Time since last request: 15.679234 seconds.
  path: Assets/Tower.cs
  artifactKey: Guid(5b865bb7b6a7be649996bbeab16539de) Importer(815301076,1909f56bfc062723c751e8b465ee728b)
Start importing Assets/Tower.cs using Guid(5b865bb7b6a7be649996bbeab16539de) Importer(815301076,1909f56bfc062723c751e8b465ee728b)  -> (artifact id: '314354107680108ab60cdf483a681362') in 0.036438 seconds
  Import took 0.041295 seconds .

========================================================================
Received Prepare
Registering precompiled user dll's ...
Registered in 0.001110 seconds.
Begin MonoManager ReloadAssembly
Native extension for WindowsStandalone target not found
Native extension for OSXStandalone target not found
Native extension for WebGL target not found
Refreshing native plugins compatible for Editor in 0.36 ms, found 1 plugins.
Preloading 0 native plugins for Editor in 0.00 ms.
Mono: successfully reloaded assembly
- Completed reload, in  0.927 seconds
Platform modules already initialized, skipping
Refreshing native plugins compatible for Editor in 0.34 ms, found 1 plugins.
Preloading 0 native plugins for Editor in 0.00 ms.
Unloading 1828 Unused Serialized files (Serialized files now loaded: 0)
System memory in use before: 85.7 MB.
System memory in use after: 85.7 MB.

Unloading 13 unused Assets to reduce memory usage. Loaded Objects now: 2291.
Total: 2.332500 ms (FindLiveObjects: 0.223300 ms CreateObjectMapping: 0.107800 ms MarkObjects: 1.887200 ms  DeleteObjects: 0.112400 ms)

========================================================================
Received Import Request.
  Time since last request: 17.025926 seconds.
  path: Assets/Scripts
  artifactKey: Guid(e976ee7cf9eb32a48a0062d0c5be69a2) Importer(815301076,1909f56bfc062723c751e8b465ee728b)
Start importing Assets/Scripts using Guid(e976ee7cf9eb32a48a0062d0c5be69a2) Importer(815301076,1909f56bfc062723c751e8b465ee728b)  -> (artifact id: '5ddaa382ac9b0384eb3b48b70f79807e') in 0.008875 seconds
  Import took 0.021077 seconds .

========================================================================
Received Prepare
Registering precompiled user dll's ...
Registered in 0.001474 seconds.
Begin MonoManager ReloadAssembly
Native extension for WindowsStandalone target not found
Native extension for OSXStandalone target not found
Native extension for WebGL target not found
Refreshing native plugins compatible for Editor in 0.36 ms, found 1 plugins.
Preloading 0 native plugins for Editor in 0.00 ms.
Mono: successfully reloaded assembly
- Completed reload, in  1.428 seconds
Platform modules already initialized, skipping
Refreshing native plugins compatible for Editor in 0.37 ms, found 1 plugins.
Preloading 0 native plugins for Editor in 0.00 ms.
Unloading 1828 Unused Serialized files (Serialized files now loaded: 0)
System memory in use before: 85.7 MB.
System memory in use after: 85.7 MB.

Unloading 13 unused Assets to reduce memory usage. Loaded Objects now: 2295.
Total: 2.521400 ms (FindLiveObjects: 0.293000 ms CreateObjectMapping: 0.126500 ms MarkObjects: 1.981900 ms  DeleteObjects: 0.117600 ms)

========================================================================
Received Prepare
Registering precompiled user dll's ...
Registered in 0.008608 seconds.
Begin MonoManager ReloadAssembly
Native extension for WindowsStandalone target not found
Native extension for OSXStandalone target not found
Native extension for WebGL target not found
Refreshing native plugins compatible for Editor in 0.36 ms, found 1 plugins.
Preloading 0 native plugins for Editor in 0.00 ms.
Mono: successfully reloaded assembly
- Completed reload, in  0.953 seconds
Platform modules already initialized, skipping
Refreshing native plugins compatible for Editor in 0.36 ms, found 1 plugins.
Preloading 0 native plugins for Editor in 0.00 ms.
Unloading 1828 Unused Serialized files (Serialized files now loaded: 0)
System memory in use before: 85.7 MB.
System memory in use after: 85.7 MB.

Unloading 13 unused Assets to reduce memory usage. Loaded Objects now: 2299.
Total: 3.231600 ms (FindLiveObjects: 0.422300 ms CreateObjectMapping: 0.292000 ms MarkObjects: 2.332400 ms  DeleteObjects: 0.182500 ms)

========================================================================
Received Prepare
Registering precompiled user dll's ...
Registered in 0.001099 seconds.
Begin MonoManager ReloadAssembly
Native extension for WindowsStandalone target not found
Native extension for OSXStandalone target not found
Native extension for WebGL target not found
Refreshing native plugins compatible for Editor in 0.39 ms, found 1 plugins.
Preloading 0 native plugins for Editor in 0.00 ms.
Mono: successfully reloaded assembly
- Completed reload, in  1.017 seconds
Platform modules already initialized, skipping
Refreshing native plugins compatible for Editor in 0.41 ms, found 1 plugins.
Preloading 0 native plugins for Editor in 0.00 ms.
Unloading 1828 Unused Serialized files (Serialized files now loaded: 0)
System memory in use before: 85.7 MB.
System memory in use after: 85.7 MB.

Unloading 13 unused Assets to reduce memory usage. Loaded Objects now: 2303.
Total: 2.468800 ms (FindLiveObjects: 0.272400 ms CreateObjectMapping: 0.071200 ms MarkObjects: 1.976400 ms  DeleteObjects: 0.147200 ms)

========================================================================
Received Prepare
Registering precompiled user dll's ...
Registered in 0.001387 seconds.
Begin MonoManager ReloadAssembly
Native extension for WindowsStandalone target not found
Native extension for OSXStandalone target not found
Native extension for WebGL target not found
Refreshing native plugins compatible for Editor in 0.36 ms, found 1 plugins.
Preloading 0 native plugins for Editor in 0.00 ms.
Mono: successfully reloaded assembly
- Completed reload, in  0.881 seconds
Platform modules already initialized, skipping
Refreshing native plugins compatible for Editor in 0.37 ms, found 1 plugins.
Preloading 0 native plugins for Editor in 0.00 ms.
Unloading 1828 Unused Serialized files (Serialized files now loaded: 0)
System memory in use before: 85.7 MB.
System memory in use after: 85.7 MB.

Unloading 13 unused Assets to reduce memory usage. Loaded Objects now: 2307.
Total: 2.084100 ms (FindLiveObjects: 0.230900 ms CreateObjectMapping: 0.090100 ms MarkObjects: 1.655100 ms  DeleteObjects: 0.106400 ms)

========================================================================
Received Prepare
Registering precompiled user dll's ...
Registered in 0.001090 seconds.
Begin MonoManager ReloadAssembly
Native extension for WindowsStandalone target not found
Native extension for OSXStandalone target not found
Native extension for WebGL target not found
Refreshing native plugins compatible for Editor in 0.42 ms, found 1 plugins.
Preloading 0 native plugins for Editor in 0.00 ms.
Mono: successfully reloaded assembly
- Completed reload, in  1.661 seconds
Platform modules already initialized, skipping
Refreshing native plugins compatible for Editor in 0.34 ms, found 1 plugins.
Preloading 0 native plugins for Editor in 0.00 ms.
Unloading 1828 Unused Serialized files (Serialized files now loaded: 0)
System memory in use before: 85.7 MB.
System memory in use after: 85.7 MB.

Unloading 13 unused Assets to reduce memory usage. Loaded Objects now: 2311.
Total: 2.376800 ms (FindLiveObjects: 0.332200 ms CreateObjectMapping: 0.145500 ms MarkObjects: 1.780700 ms  DeleteObjects: 0.115900 ms)

